[PREINITIALIZATION][SERVER][INFO] Thank you to the Patreon supporters below and others who make CraftTweaker possible!
Pongo Sapiens
Spool
NickT
technium
otakup0pe
Genryu
Peregrinus11
BigAl607
AdaraChristine
realTIMematrix
Robijnvogel
DreamThorn
Barrier
quaternary
Ivy_
Jonathan McManus
IDroid
If you want to support the mod, checkout https://patreon.com/jaredlll08?s=crtmod

[PREINITIALIZATION][SERVER][INFO] Current loaders after merging: [[preinit]]
[PREINITIALIZATION][SERVER][INFO] Loading scripts for loader with names [preinit]
[PREINITIALIZATION][SERVER][INFO] [preinit | SIDE_SERVER]: Skipping file {[0:crafttweaker]: Advanced Solar Panels.zs} as we are currently loading with a different loader
[PREINITIALIZATION][SERVER][INFO] [preinit | SIDE_SERVER]: Skipping file {[0:crafttweaker]: recipes.zs} as we are currently loading with a different loader
[PREINITIALIZATION][SERVER][INFO] Completed script loading in: 2ms
[INITIALIZATION][SERVER][INFO] CraftTweaker: Building registry
[INITIALIZATION][SERVER][INFO] CraftTweaker: Successfully built item registry
[INITIALIZATION][SERVER][INFO] Current loaders after merging: [[preinit], [recipeevent | crafttweaker]]
[INITIALIZATION][SERVER][INFO] Loading scripts for loader with names [crafttweaker | recipeevent]
[INITIALIZATION][SERVER][INFO] [crafttweaker | SIDE_SERVER]: Loading Script: {[0:crafttweaker]: Advanced Solar Panels.zs}
[INITIALIZATION][SERVER][INFO] Translating tile.blockSolarLV.name to Advanced Solar Panel
[INITIALIZATION][SERVER][INFO] Translating tile.blockSolarMV.name to Hybrid Solar Panel
[INITIALIZATION][SERVER][INFO] Translating tile.blockSolarHV.name to Ultimate Hybrid Solar Panel
[INITIALIZATION][SERVER][INFO] [crafttweaker | SIDE_SERVER]: Loading Script: {[0:crafttweaker]: recipes.zs}
[INITIALIZATION][SERVER][INFO] Completed script loading in: 1010ms
[POSTINITIALIZATION][SERVER][INFO] Removing recipes for various outputs
[POSTINITIALIZATION][SERVER][INFO] Adding shaped recipe for Ultimate Hybrid Solar Panel with name ct_shaped-2146090735
[POSTINITIALIZATION][SERVER][INFO] Adding shaped recipe for Hybrid Solar Panel with name ct_shaped-2053115732
[POSTINITIALIZATION][SERVER][INFO] Adding shaped recipe for Advanced Solar Panel with name ct_shaped1220254993
[POSTINITIALIZATION][SERVER][INFO] Adding shapeless recipe for Steel Ingot with name ct_shapeless614609595
[POSTINITIALIZATION][SERVER][INFO] Adding shaped recipe for IV Energy Producer (IC2) with name ct_shaped-2070555305
[POSTINITIALIZATION][SERVER][INFO] Adding shaped recipe for EV Energy Producer (IC2) with name ct_shaped-1275507594
[POSTINITIALIZATION][SERVER][INFO] Adding shaped recipe for HV Energy Producer (IC2) with name ct_shaped-999752170
[POSTINITIALIZATION][SERVER][INFO] Adding shaped recipe for MV Energy Producer (IC2) with name ct_shaped112489111
[POSTINITIALIZATION][SERVER][INFO] Adding shaped recipe for LV Energy Producer (IC2) with name ct_shaped-333514977
[POSTINITIALIZATION][SERVER][INFO] Removing furnace recipes for: <ic2:itemmisc:53>
[POSTINITIALIZATION][SERVER][INFO] 1 recipes removed for: <ic2:itemmisc:53>
[POSTINITIALIZATION][SERVER][INFO] Adding furnace recipe for <minecraft:iron_ingot>
[POSTINITIALIZATION][SERVER][INFO] Applying MrCrayfish's Furniture Mod changes...
