#
# There is insufficient memory for the Java Runtime Environment to continue.
# Native memory allocation (malloc) failed to allocate 1431376 bytes for Chunk::new
# Possible reasons:
#   The system is out of physical RAM or swap space
#   The process is running with CompressedOops enabled, and the Java Heap may be blocking the growth of the native heap
# Possible solutions:
#   Reduce memory load on the system
#   Increase physical memory or swap space
#   Check if swap backing store is full
#   Decrease Java heap size (-Xmx/-Xms)
#   Decrease number of Java threads
#   Decrease Java thread stack sizes (-Xss)
#   Set larger code cache with -XX:ReservedCodeCacheSize=
#   JVM is running with Zero Based Compressed Oops mode in which the Java heap is
#     placed in the first 32GB address space. The Java Heap base address is the
#     maximum limit for the native heap growth. Please use -XX:HeapBaseMinAddress
#     to set the Java Heap base and to place the Java Heap above 32GB virtual address.
# This output file may be truncated or incomplete.
#
#  Out of Memory Error (allocation.cpp:389), pid=31632, tid=0x0000000000008b40
#
# JRE version: Java(TM) SE Runtime Environment (8.0_271-b09) (build 1.8.0_271-b09)
# Java VM: Java HotSpot(TM) 64-Bit Server VM (25.271-b09 mixed mode windows-amd64 compressed oops)
# Failed to write core dump. Minidumps are not enabled by default on client versions of Windows
#

---------------  T H R E A D  ---------------

Current thread (0x0000026a38367800):  JavaThread "C2 CompilerThread0" daemon [_thread_in_native, id=35648, stack(0x0000008d2f600000,0x0000008d2f700000)]

Stack: [0x0000008d2f600000,0x0000008d2f700000]
Native frames: (J=compiled Java code, j=interpreted, Vv=VM code, C=native code)
V  [jvm.dll+0x33f6c9]
V  [jvm.dll+0x286122]
V  [jvm.dll+0x286dcd]
V  [jvm.dll+0x27d805]
V  [jvm.dll+0xe574c]
V  [jvm.dll+0xe5f4c]
V  [jvm.dll+0x480043]
V  [jvm.dll+0x447de8]
V  [jvm.dll+0x450c25]
V  [jvm.dll+0x44ffe5]
V  [jvm.dll+0x43aef7]
V  [jvm.dll+0xbc3eb]
V  [jvm.dll+0xbaa4b]
V  [jvm.dll+0x24e7c2]
V  [jvm.dll+0x2a2dcc]
C  [ucrtbase.dll+0x210b2]
C  [KERNEL32.DLL+0x17c24]
C  [ntdll.dll+0x6d4d1]


Current CompileTask:
C2: 303992 29430       4       net.minecraft.server.management.PlayerChunkMap::func_72693_b (457 bytes)


---------------  P R O C E S S  ---------------

Java Threads: ( => current thread )
  0x0000026a3ec08000 JavaThread "Keep-Alive-Timer" daemon [_thread_blocked, id=31328, stack(0x0000008d31d00000,0x0000008d31e00000)]
  0x0000026a3ec07000 JavaThread "Netty Server IO #6" daemon [_thread_in_native, id=20252, stack(0x0000008d31700000,0x0000008d31800000)]
  0x0000026a3ec04000 JavaThread "Netty Server IO #5" daemon [_thread_in_native, id=36820, stack(0x0000008d31600000,0x0000008d31700000)]
  0x0000026a3ec05800 JavaThread "Netty Server IO #4" daemon [_thread_in_native, id=35232, stack(0x0000008d31500000,0x0000008d31600000)]
  0x0000026a3ebfc800 JavaThread "Chunk I/O Executor Thread-1" daemon [_thread_blocked, id=34652, stack(0x0000008d30d00000,0x0000008d30e00000)]
  0x0000026a38666000 JavaThread "AE Compass Service" [_thread_blocked, id=37884, stack(0x0000008d30e00000,0x0000008d30f00000)]
  0x0000026a3866c800 JavaThread "Netty Server IO #3" daemon [_thread_in_native, id=34032, stack(0x0000008d31400000,0x0000008d31500000)]
  0x0000026a3866c000 JavaThread "Netty Server IO #2" daemon [_thread_in_native, id=34092, stack(0x0000008d31000000,0x0000008d31100000)]
  0x0000026a3866d800 JavaThread "threadDeathWatcher-2-1" daemon [_thread_blocked, id=35440, stack(0x0000008d31300000,0x0000008d31400000)]
  0x0000026a3866a800 JavaThread "Netty Server IO #1" daemon [_thread_in_native, id=31852, stack(0x0000008d31100000,0x0000008d31200000)]
  0x0000026a38669800 JavaThread "File IO Thread" [_thread_blocked, id=24428, stack(0x0000008d31c00000,0x0000008d31d00000)]
  0x0000026a3daf1800 JavaThread "pool-3-thread-7" [_thread_blocked, id=36248, stack(0x0000008d31b00000,0x0000008d31c00000)]
  0x0000026a3daf6000 JavaThread "pool-3-thread-6" [_thread_blocked, id=34360, stack(0x0000008d31a00000,0x0000008d31b00000)]
  0x0000026a3daf1000 JavaThread "pool-3-thread-5" [_thread_blocked, id=21816, stack(0x0000008d31200000,0x0000008d31300000)]
  0x0000026a3daea000 JavaThread "pool-3-thread-4" [_thread_blocked, id=31384, stack(0x0000008d30f00000,0x0000008d31000000)]
  0x0000026a3daf0000 JavaThread "pool-3-thread-3" [_thread_blocked, id=32444, stack(0x0000008d30c00000,0x0000008d30d00000)]
  0x0000026a3dae8800 JavaThread "pool-3-thread-2" [_thread_blocked, id=35180, stack(0x0000008d30b00000,0x0000008d30c00000)]
  0x0000026a3dae7000 JavaThread "pool-3-thread-1" [_thread_blocked, id=34940, stack(0x0000008d2e200000,0x0000008d2e300000)]
  0x0000026a3daef800 JavaThread "Java2D Disposer" daemon [_thread_blocked, id=35472, stack(0x0000008d2e100000,0x0000008d2e200000)]
  0x0000026a3daec800 JavaThread "Ender IO Scheduler" [_thread_blocked, id=32644, stack(0x0000008d2e000000,0x0000008d2e100000)]
  0x0000026a38670800 JavaThread "Netty Server IO #0" daemon [_thread_in_native, id=36004, stack(0x0000008d30a00000,0x0000008d30b00000)]
  0x0000026a38995000 JavaThread "JLine terminal non blocking reader thread" daemon [_thread_blocked, id=32608, stack(0x0000008d30900000,0x0000008d30a00000)]
  0x0000026a38991000 JavaThread "Server console handler" daemon [_thread_blocked, id=33996, stack(0x0000008d30800000,0x0000008d30900000)]
  0x0000026a38997000 JavaThread "DestroyJavaVM" [_thread_blocked, id=35596, stack(0x0000008d2e300000,0x0000008d2e400000)]
  0x0000026a38995800 JavaThread "Server thread" [_thread_blocked, id=32204, stack(0x0000008d30700000,0x0000008d30800000)]
  0x0000026a38990800 JavaThread "Server Infinisleeper" daemon [_thread_blocked, id=35260, stack(0x0000008d30600000,0x0000008d30700000)]
  0x0000026a38387000 JavaThread "Snooper Timer" daemon [_thread_blocked, id=35304, stack(0x0000008d30500000,0x0000008d30600000)]
  0x0000026a39bf4000 JavaThread "WindowsStreamPump" daemon [_thread_in_native, id=33532, stack(0x0000008d30400000,0x0000008d30500000)]
  0x0000026a38460000 JavaThread "Service Thread" daemon [_thread_blocked, id=30956, stack(0x0000008d30200000,0x0000008d30300000)]
  0x0000026a38385000 JavaThread "C1 CompilerThread11" daemon [_thread_blocked, id=24784, stack(0x0000008d30100000,0x0000008d30200000)]
  0x0000026a3838a000 JavaThread "C1 CompilerThread10" daemon [_thread_blocked, id=30932, stack(0x0000008d30000000,0x0000008d30100000)]
  0x0000026a3838b800 JavaThread "C1 CompilerThread9" daemon [_thread_blocked, id=28360, stack(0x0000008d2ff00000,0x0000008d30000000)]
  0x0000026a38386800 JavaThread "C1 CompilerThread8" daemon [_thread_blocked, id=33248, stack(0x0000008d2fe00000,0x0000008d2ff00000)]
  0x0000026a3838b000 JavaThread "C2 CompilerThread7" daemon [_thread_blocked, id=36728, stack(0x0000008d2fd00000,0x0000008d2fe00000)]
  0x0000026a38388800 JavaThread "C2 CompilerThread6" daemon [_thread_blocked, id=36700, stack(0x0000008d2fc00000,0x0000008d2fd00000)]
  0x0000026a38388000 JavaThread "C2 CompilerThread5" daemon [_thread_blocked, id=35348, stack(0x0000008d2fb00000,0x0000008d2fc00000)]
  0x0000026a38385800 JavaThread "C2 CompilerThread4" daemon [_thread_blocked, id=32064, stack(0x0000008d2fa00000,0x0000008d2fb00000)]
  0x0000026a38371000 JavaThread "C2 CompilerThread3" daemon [_thread_blocked, id=36712, stack(0x0000008d2f900000,0x0000008d2fa00000)]
  0x0000026a3836d000 JavaThread "C2 CompilerThread2" daemon [_thread_blocked, id=32628, stack(0x0000008d2f800000,0x0000008d2f900000)]
  0x0000026a38369000 JavaThread "C2 CompilerThread1" daemon [_thread_blocked, id=35336, stack(0x0000008d2f700000,0x0000008d2f800000)]
=>0x0000026a38367800 JavaThread "C2 CompilerThread0" daemon [_thread_in_native, id=35648, stack(0x0000008d2f600000,0x0000008d2f700000)]
  0x0000026a38366000 JavaThread "Attach Listener" daemon [_thread_blocked, id=33548, stack(0x0000008d2f500000,0x0000008d2f600000)]
  0x0000026a38363800 JavaThread "Signal Dispatcher" daemon [_thread_blocked, id=5592, stack(0x0000008d2f400000,0x0000008d2f500000)]
  0x0000026a3566d000 JavaThread "Finalizer" daemon [_thread_blocked, id=34308, stack(0x0000008d2f300000,0x0000008d2f400000)]
  0x0000026a35640000 JavaThread "Reference Handler" daemon [_thread_blocked, id=33868, stack(0x0000008d2f200000,0x0000008d2f300000)]

Other Threads:
  0x0000026a35638000 VMThread [stack: 0x0000008d2f100000,0x0000008d2f200000] [id=2640]
  0x0000026a3846f800 WatcherThread [stack: 0x0000008d30300000,0x0000008d30400000] [id=26744]

VM state:not at safepoint (normal execution)

VM Mutex/Monitor currently owned by a thread: None

heap address: 0x00000006c0000000, size: 4096 MB, Compressed Oops mode: Zero based, Oop shift amount: 3
Narrow klass base: 0x0000000000000000, Narrow klass shift: 3
Compressed class space size: 1073741824 Address: 0x00000007c0000000

Heap:
 PSYoungGen      total 1144320K, used 456323K [0x000000076ab00000, 0x00000007c0000000, 0x00000007c0000000)
  eden space 890880K, 35% used [0x000000076ab00000,0x000000077e17b7b8,0x00000007a1100000)
  from space 253440K, 54% used [0x00000007b0880000,0x00000007b8fa54b0,0x00000007c0000000)
  to   space 253440K, 0% used [0x00000007a1100000,0x00000007a1100000,0x00000007b0880000)
 ParOldGen       total 2796544K, used 628419K [0x00000006c0000000, 0x000000076ab00000, 0x000000076ab00000)
  object space 2796544K, 22% used [0x00000006c0000000,0x00000006e65b0e38,0x000000076ab00000)
 Metaspace       used 180769K, capacity 187458K, committed 187692K, reserved 1204224K
  class space    used 30647K, capacity 32505K, committed 32556K, reserved 1048576K

Card table byte_map: [0x0000026a2b5b0000,0x0000026a2bdc0000] byte_map_base: 0x0000026a27fb0000

Marking Bits: (ParMarkBitMap*) 0x0000000065ba7fe0
 Begin Bits: [0x0000026a2c320000, 0x0000026a30320000)
 End Bits:   [0x0000026a30320000, 0x0000026a34320000)

Polling page: 0x0000026a1a920000

CodeCache: size=245760Kb used=80142Kb max_used=82070Kb free=165617Kb
 bounds [0x0000026a1c1f0000, 0x0000026a21280000, 0x0000026a2b1f0000]
 total_blobs=22023 nmethods=20841 adapters=1090
 compilation: enabled

Compilation events (10 events):
Event: 303.474 Thread 0x0000026a38371000 nmethod 29424 0x0000026a2012cf10 code [0x0000026a2012d0a0, 0x0000026a2012d3b8]
Event: 303.526 Thread 0x0000026a38369000 29426       4       io.netty.buffer.UnpooledByteBufAllocator$InstrumentedUnpooledUnsafeHeapByteBuf::allocateArray (20 bytes)
Event: 303.528 Thread 0x0000026a38369000 nmethod 29426 0x0000026a1ff663d0 code [0x0000026a1ff66520, 0x0000026a1ff66718]
Event: 303.624 Thread 0x0000026a38385000 29427       1       io.netty.util.Recycler$DefaultHandle::access$1102 (7 bytes)
Event: 303.624 Thread 0x0000026a38385000 nmethod 29427 0x0000026a208d09d0 code [0x0000026a208d0b20, 0x0000026a208d0c18]
Event: 303.626 Thread 0x0000026a3838b800 29428       1       io.netty.util.Recycler$DefaultHandle::access$1502 (7 bytes)
Event: 303.626 Thread 0x0000026a3838b800 nmethod 29428 0x0000026a20a25110 code [0x0000026a20a25260, 0x0000026a20a25358]
Event: 303.721 Thread 0x0000026a38388000 29429       4       io.netty.buffer.UnpooledByteBufAllocator::newHeapBuffer (30 bytes)
Event: 303.724 Thread 0x0000026a38367800 29430       4       net.minecraft.server.management.PlayerChunkMap::func_72693_b (457 bytes)
Event: 303.726 Thread 0x0000026a38388000 nmethod 29429 0x0000026a21125d10 code [0x0000026a21125e80, 0x0000026a211261f8]

GC Heap History (10 events):
Event: 225.520 GC heap before
{Heap before GC invocations=61 (full 5):
 PSYoungGen      total 1231360K, used 1231334K [0x000000076ab00000, 0x00000007c0000000, 0x00000007c0000000)
  eden space 1064960K, 100% used [0x000000076ab00000,0x00000007abb00000,0x00000007abb00000)
  from space 166400K, 99% used [0x00000007abb00000,0x00000007b5d79ac0,0x00000007b5d80000)
  to   space 166400K, 0% used [0x00000007b5d80000,0x00000007b5d80000,0x00000007c0000000)
 ParOldGen       total 2796544K, used 604050K [0x00000006c0000000, 0x000000076ab00000, 0x000000076ab00000)
  object space 2796544K, 21% used [0x00000006c0000000,0x00000006e4de4990,0x000000076ab00000)
 Metaspace       used 176993K, capacity 183132K, committed 183340K, reserved 1200128K
  class space    used 30455K, capacity 32218K, committed 32300K, reserved 1048576K
Event: 225.596 GC heap after
Heap after GC invocations=61 (full 5):
 PSYoungGen      total 1052160K, used 166373K [0x000000076ab00000, 0x00000007c0000000, 0x00000007c0000000)
  eden space 885760K, 0% used [0x000000076ab00000,0x000000076ab00000,0x00000007a0c00000)
  from space 166400K, 99% used [0x00000007b5d80000,0x00000007bfff96f0,0x00000007c0000000)
  to   space 256000K, 0% used [0x00000007a0c00000,0x00000007a0c00000,0x00000007b0600000)
 ParOldGen       total 2796544K, used 628339K [0x00000006c0000000, 0x000000076ab00000, 0x000000076ab00000)
  object space 2796544K, 22% used [0x00000006c0000000,0x00000006e659ce38,0x000000076ab00000)
 Metaspace       used 176993K, capacity 183132K, committed 183340K, reserved 1200128K
  class space    used 30455K, capacity 32218K, committed 32300K, reserved 1048576K
}
Event: 228.445 GC heap before
{Heap before GC invocations=62 (full 5):
 PSYoungGen      total 1052160K, used 1052133K [0x000000076ab00000, 0x00000007c0000000, 0x00000007c0000000)
  eden space 885760K, 100% used [0x000000076ab00000,0x00000007a0c00000,0x00000007a0c00000)
  from space 166400K, 99% used [0x00000007b5d80000,0x00000007bfff96f0,0x00000007c0000000)
  to   space 256000K, 0% used [0x00000007a0c00000,0x00000007a0c00000,0x00000007b0600000)
 ParOldGen       total 2796544K, used 628339K [0x00000006c0000000, 0x000000076ab00000, 0x000000076ab00000)
  object space 2796544K, 22% used [0x00000006c0000000,0x00000006e659ce38,0x000000076ab00000)
 Metaspace       used 177595K, capacity 183750K, committed 183852K, reserved 1200128K
  class space    used 30482K, capacity 32247K, committed 32300K, reserved 1048576K
Event: 228.477 GC heap after
Heap after GC invocations=62 (full 5):
 PSYoungGen      total 1141760K, used 122716K [0x000000076ab00000, 0x00000007c0000000, 0x00000007c0000000)
  eden space 885760K, 0% used [0x000000076ab00000,0x000000076ab00000,0x00000007a0c00000)
  from space 256000K, 47% used [0x00000007a0c00000,0x00000007a83d7130,0x00000007b0600000)
  to   space 253440K, 0% used [0x00000007b0880000,0x00000007b0880000,0x00000007c0000000)
 ParOldGen       total 2796544K, used 628395K [0x00000006c0000000, 0x000000076ab00000, 0x000000076ab00000)
  object space 2796544K, 22% used [0x00000006c0000000,0x00000006e65aae38,0x000000076ab00000)
 Metaspace       used 177595K, capacity 183750K, committed 183852K, reserved 1200128K
  class space    used 30482K, capacity 32247K, committed 32300K, reserved 1048576K
}
Event: 231.888 GC heap before
{Heap before GC invocations=63 (full 5):
 PSYoungGen      total 1141760K, used 1008476K [0x000000076ab00000, 0x00000007c0000000, 0x00000007c0000000)
  eden space 885760K, 100% used [0x000000076ab00000,0x00000007a0c00000,0x00000007a0c00000)
  from space 256000K, 47% used [0x00000007a0c00000,0x00000007a83d7130,0x00000007b0600000)
  to   space 253440K, 0% used [0x00000007b0880000,0x00000007b0880000,0x00000007c0000000)
 ParOldGen       total 2796544K, used 628395K [0x00000006c0000000, 0x000000076ab00000, 0x000000076ab00000)
  object space 2796544K, 22% used [0x00000006c0000000,0x00000006e65aae38,0x000000076ab00000)
 Metaspace       used 179059K, capacity 185622K, committed 185900K, reserved 1202176K
  class space    used 30600K, capacity 32431K, committed 32556K, reserved 1048576K
Event: 231.923 GC heap after
Heap after GC invocations=63 (full 5):
 PSYoungGen      total 1143296K, used 133599K [0x000000076ab00000, 0x00000007c0000000, 0x00000007c0000000)
  eden space 889856K, 0% used [0x000000076ab00000,0x000000076ab00000,0x00000007a1000000)
  from space 253440K, 52% used [0x00000007b0880000,0x00000007b8af7cc8,0x00000007c0000000)
  to   space 253952K, 0% used [0x00000007a1000000,0x00000007a1000000,0x00000007b0800000)
 ParOldGen       total 2796544K, used 628403K [0x00000006c0000000, 0x000000076ab00000, 0x000000076ab00000)
  object space 2796544K, 22% used [0x00000006c0000000,0x00000006e65ace38,0x000000076ab00000)
 Metaspace       used 179059K, capacity 185622K, committed 185900K, reserved 1202176K
  class space    used 30600K, capacity 32431K, committed 32556K, reserved 1048576K
}
Event: 256.521 GC heap before
{Heap before GC invocations=64 (full 5):
 PSYoungGen      total 1143296K, used 1023455K [0x000000076ab00000, 0x00000007c0000000, 0x00000007c0000000)
  eden space 889856K, 100% used [0x000000076ab00000,0x00000007a1000000,0x00000007a1000000)
  from space 253440K, 52% used [0x00000007b0880000,0x00000007b8af7cc8,0x00000007c0000000)
  to   space 253952K, 0% used [0x00000007a1000000,0x00000007a1000000,0x00000007b0800000)
 ParOldGen       total 2796544K, used 628403K [0x00000006c0000000, 0x000000076ab00000, 0x000000076ab00000)
  object space 2796544K, 22% used [0x00000006c0000000,0x00000006e65ace38,0x000000076ab00000)
 Metaspace       used 180233K, capacity 186890K, committed 187180K, reserved 1204224K
  class space    used 30629K, capacity 32495K, committed 32556K, reserved 1048576K
Event: 256.558 GC heap after
Heap after GC invocations=64 (full 5):
 PSYoungGen      total 1143808K, used 135347K [0x000000076ab00000, 0x00000007c0000000, 0x00000007c0000000)
  eden space 889856K, 0% used [0x000000076ab00000,0x000000076ab00000,0x00000007a1000000)
  from space 253952K, 53% used [0x00000007a1000000,0x00000007a942ce80,0x00000007b0800000)
  to   space 253440K, 0% used [0x00000007b0880000,0x00000007b0880000,0x00000007c0000000)
 ParOldGen       total 2796544K, used 628411K [0x00000006c0000000, 0x000000076ab00000, 0x000000076ab00000)
  object space 2796544K, 22% used [0x00000006c0000000,0x00000006e65aee38,0x000000076ab00000)
 Metaspace       used 180233K, capacity 186890K, committed 187180K, reserved 1204224K
  class space    used 30629K, capacity 32495K, committed 32556K, reserved 1048576K
}
Event: 294.802 GC heap before
{Heap before GC invocations=65 (full 5):
 PSYoungGen      total 1143808K, used 1025203K [0x000000076ab00000, 0x00000007c0000000, 0x00000007c0000000)
  eden space 889856K, 100% used [0x000000076ab00000,0x00000007a1000000,0x00000007a1000000)
  from space 253952K, 53% used [0x00000007a1000000,0x00000007a942ce80,0x00000007b0800000)
  to   space 253440K, 0% used [0x00000007b0880000,0x00000007b0880000,0x00000007c0000000)
 ParOldGen       total 2796544K, used 628411K [0x00000006c0000000, 0x000000076ab00000, 0x000000076ab00000)
  object space 2796544K, 22% used [0x00000006c0000000,0x00000006e65aee38,0x000000076ab00000)
 Metaspace       used 180623K, capacity 187324K, committed 187436K, reserved 1204224K
  class space    used 30646K, capacity 32504K, committed 32556K, reserved 1048576K
Event: 294.840 GC heap after
Heap after GC invocations=65 (full 5):
 PSYoungGen      total 1144320K, used 138389K [0x000000076ab00000, 0x00000007c0000000, 0x00000007c0000000)
  eden space 890880K, 0% used [0x000000076ab00000,0x000000076ab00000,0x00000007a1100000)
  from space 253440K, 54% used [0x00000007b0880000,0x00000007b8fa54b0,0x00000007c0000000)
  to   space 253440K, 0% used [0x00000007a1100000,0x00000007a1100000,0x00000007b0880000)
 ParOldGen       total 2796544K, used 628419K [0x00000006c0000000, 0x000000076ab00000, 0x000000076ab00000)
  object space 2796544K, 22% used [0x00000006c0000000,0x00000006e65b0e38,0x000000076ab00000)
 Metaspace       used 180623K, capacity 187324K, committed 187436K, reserved 1204224K
  class space    used 30646K, capacity 32504K, committed 32556K, reserved 1048576K
}

Deoptimization events (10 events):
Event: 300.825 Thread 0x0000026a38995800 Uncommon trap: reason=bimorphic action=maybe_recompile pc=0x0000026a2050a7a8 method=vazkii.quark.tweaks.feature.BabyZombiesBurn.entityUpdate(Lnet/minecraftforge/event/entity/living/LivingEvent$LivingUpdateEvent;)V @ 49
Event: 300.825 Thread 0x0000026a38995800 Uncommon trap: reason=bimorphic action=maybe_recompile pc=0x0000026a21182e2c method=net.minecraft.entity.monster.EntityZombie.func_70636_d()V @ 21
Event: 300.876 Thread 0x0000026a38995800 Uncommon trap: reason=bimorphic action=maybe_recompile pc=0x0000026a2050a7a8 method=vazkii.quark.tweaks.feature.BabyZombiesBurn.entityUpdate(Lnet/minecraftforge/event/entity/living/LivingEvent$LivingUpdateEvent;)V @ 49
Event: 300.876 Thread 0x0000026a38995800 Uncommon trap: reason=bimorphic action=maybe_recompile pc=0x0000026a21182e2c method=net.minecraft.entity.monster.EntityZombie.func_70636_d()V @ 21
Event: 300.926 Thread 0x0000026a38995800 Uncommon trap: reason=bimorphic action=maybe_recompile pc=0x0000026a1fe1e79c method=vazkii.quark.tweaks.feature.BabyZombiesBurn.entityUpdate(Lnet/minecraftforge/event/entity/living/LivingEvent$LivingUpdateEvent;)V @ 49
Event: 300.926 Thread 0x0000026a38995800 Uncommon trap: reason=bimorphic action=maybe_recompile pc=0x0000026a21205958 method=net.minecraft.entity.ai.EntityAIMoveTowardsRestriction.func_75250_a()Z @ 4
Event: 301.074 Thread 0x0000026a38995800 Uncommon trap: reason=bimorphic action=maybe_recompile pc=0x0000026a21205958 method=net.minecraft.entity.ai.EntityAIMoveTowardsRestriction.func_75250_a()Z @ 4
Event: 301.575 Thread 0x0000026a38995800 Uncommon trap: reason=bimorphic action=maybe_recompile pc=0x0000026a2127788c method=net.minecraft.pathfinding.WalkNodeProcessor.func_186330_a(Lnet/minecraft/world/IBlockAccess;III)Lnet/minecraft/pathfinding/PathNodeType; @ 43
Event: 301.623 Thread 0x0000026a38995800 Uncommon trap: reason=bimorphic action=maybe_recompile pc=0x0000026a2127788c method=net.minecraft.pathfinding.WalkNodeProcessor.func_186330_a(Lnet/minecraft/world/IBlockAccess;III)Lnet/minecraft/pathfinding/PathNodeType; @ 43
Event: 303.930 Thread 0x0000026a3866c800 Uncommon trap: reason=unstable_if action=reinterpret pc=0x0000026a1c96c2e0 method=java.util.concurrent.ConcurrentHashMap.addCount(JI)V @ 34

Classes redefined (0 events):
No events

Internal exceptions (10 events):
Event: 226.453 Thread 0x0000026a38995800 Exception <a 'java/lang/NullPointerException'> (0x00000007822b7540) thrown at [C:\jenkins\workspace\8-2-build-windows-amd64-cygwin\jdk8u271\605\hotspot\src\share\vm\interpreter\linkResolver.cpp, line 1185]
Event: 230.981 Thread 0x0000026a38995800 Exception <a 'java/lang/IncompatibleClassChangeError': Found class java.lang.Object, but interface was expected> (0x00000007928b4cb8) thrown at [C:\jenkins\workspace\8-2-build-windows-amd64-cygwin\jdk8u271\605\hotspot\src\share\vm\interpreter\linkResolver
Event: 232.567 Thread 0x0000026a38995800 Exception <a 'java/lang/NoSuchMethodError': java.lang.Object.lambda$or$2(Ljava/util/function/Predicate;Ljava/lang/Object;)Z> (0x0000000775292728) thrown at [C:\jenkins\workspace\8-2-build-windows-amd64-cygwin\jdk8u271\605\hotspot\src\share\vm\interpreter\
Event: 296.900 Thread 0x0000026a3ec07000 Implicit null exception at 0x0000026a1fefff93 to 0x0000026a1ff019e5
Event: 297.271 Thread 0x0000026a38995800 Implicit null exception at 0x0000026a1fbdb1d1 to 0x0000026a1fbdb64d
Event: 298.778 Thread 0x0000026a38995800 Implicit null exception at 0x0000026a1d17e940 to 0x0000026a1d17f34b
Event: 300.422 Thread 0x0000026a38995800 Exception <a 'java/io/FileNotFoundException'> (0x000000077608ce50) thrown at [C:\jenkins\workspace\8-2-build-windows-amd64-cygwin\jdk8u271\605\hotspot\src\share\vm\prims\jni.cpp, line 710]
Event: 300.422 Thread 0x0000026a38995800 Exception <a 'java/io/FileNotFoundException'> (0x000000077608e388) thrown at [C:\jenkins\workspace\8-2-build-windows-amd64-cygwin\jdk8u271\605\hotspot\src\share\vm\prims\jni.cpp, line 710]
Event: 300.436 Thread 0x0000026a38995800 Exception <a 'java/lang/NullPointerException'> (0x00000007764e7d20) thrown at [C:\jenkins\workspace\8-2-build-windows-amd64-cygwin\jdk8u271\605\hotspot\src\share\vm\interpreter\linkResolver.cpp, line 1185]
Event: 300.468 Thread 0x0000026a38995800 Implicit null exception at 0x0000026a1ee45cb8 to 0x0000026a1ee45f5d

Events (10 events):
Event: 301.623 Thread 0x0000026a38995800 Uncommon trap: trap_request=0xffffffc6 fr.pc=0x0000026a2127788c
Event: 301.623 Thread 0x0000026a38995800 DEOPT PACKING pc=0x0000026a2127788c sp=0x0000008d307fe710
Event: 301.623 Thread 0x0000026a38995800 DEOPT UNPACKING pc=0x0000026a1c235843 sp=0x0000008d307fe510 mode 2
Event: 301.770 Thread 0x0000026a38995800 DEOPT PACKING pc=0x0000026a20937c28 sp=0x0000008d307fe9b0
Event: 301.770 Thread 0x0000026a38995800 DEOPT UNPACKING pc=0x0000026a1c237498 sp=0x0000008d307fe898 mode 0
Event: 302.249 Executing VM operation: RevokeBias
Event: 302.249 Executing VM operation: RevokeBias done
Event: 303.930 Thread 0x0000026a3866c800 Uncommon trap: trap_request=0xffffff65 fr.pc=0x0000026a1c96c2e0
Event: 303.930 Thread 0x0000026a3866c800 DEOPT PACKING pc=0x0000026a1c96c2e0 sp=0x0000008d314fec30
Event: 303.930 Thread 0x0000026a3866c800 DEOPT UNPACKING pc=0x0000026a1c235843 sp=0x0000008d314feb78 mode 2


Dynamic libraries:
0x00007ff6cd450000 - 0x00007ff6cd497000 	C:\Program Files (x86)\Common Files\Oracle\Java\javapath\java.exe
0x00007ff892120000 - 0x00007ff892310000 	C:\WINDOWS\SYSTEM32\ntdll.dll
0x00007ff8901d0000 - 0x00007ff890282000 	C:\WINDOWS\System32\KERNEL32.DLL
0x00007ff88fa20000 - 0x00007ff88fcc5000 	C:\WINDOWS\System32\KERNELBASE.dll
0x00007ff890f40000 - 0x00007ff890fe3000 	C:\WINDOWS\System32\ADVAPI32.dll
0x00007ff8913b0000 - 0x00007ff89144e000 	C:\WINDOWS\System32\msvcrt.dll
0x00007ff891450000 - 0x00007ff8914e7000 	C:\WINDOWS\System32\sechost.dll
0x00007ff891200000 - 0x00007ff89131f000 	C:\WINDOWS\System32\RPCRT4.dll
0x00007ff890290000 - 0x00007ff890424000 	C:\WINDOWS\System32\USER32.dll
0x00007ff88f0d0000 - 0x00007ff88f0f1000 	C:\WINDOWS\System32\win32u.dll
0x00007ff8911c0000 - 0x00007ff8911e6000 	C:\WINDOWS\System32\GDI32.dll
0x00007ff88f880000 - 0x00007ff88fa18000 	C:\WINDOWS\System32\gdi32full.dll
0x00007ff88fda0000 - 0x00007ff88fe3e000 	C:\WINDOWS\System32\msvcp_win.dll
0x00007ff88fe40000 - 0x00007ff88ff3a000 	C:\WINDOWS\System32\ucrtbase.dll
0x00007ff885090000 - 0x00007ff885314000 	C:\WINDOWS\WinSxS\amd64_microsoft.windows.common-controls_6595b64144ccf1df_6.0.18362.1316_none_9e7a364fe461dbd7\COMCTL32.dll
0x00007ff891cc0000 - 0x00007ff891ff7000 	C:\WINDOWS\System32\combase.dll
0x00007ff890090000 - 0x00007ff890111000 	C:\WINDOWS\System32\bcryptPrimitives.dll
0x00007ff8906f0000 - 0x00007ff89071e000 	C:\WINDOWS\System32\IMM32.DLL
0x00007ff88ba00000 - 0x00007ff88ba15000 	C:\Program Files\Java\jre1.8.0_271\bin\vcruntime140.dll
0x00007ff86ba80000 - 0x00007ff86bb1b000 	C:\Program Files\Java\jre1.8.0_271\bin\msvcp140.dll
0x00000000653b0000 - 0x0000000065c1f000 	C:\Program Files\Java\jre1.8.0_271\bin\server\jvm.dll
0x00007ff890ff0000 - 0x00007ff890ff8000 	C:\WINDOWS\System32\PSAPI.DLL
0x00007ff88d040000 - 0x00007ff88d064000 	C:\WINDOWS\SYSTEM32\WINMM.dll
0x00007ff88b9f0000 - 0x00007ff88b9f9000 	C:\WINDOWS\SYSTEM32\WSOCK32.dll
0x00007ff891340000 - 0x00007ff8913af000 	C:\WINDOWS\System32\WS2_32.dll
0x00007ff889290000 - 0x00007ff88929a000 	C:\WINDOWS\SYSTEM32\VERSION.dll
0x00007ff88d010000 - 0x00007ff88d03d000 	C:\WINDOWS\SYSTEM32\WINMMBASE.dll
0x00007ff890120000 - 0x00007ff89016a000 	C:\WINDOWS\System32\cfgmgr32.dll
0x00007ff88f080000 - 0x00007ff88f091000 	C:\WINDOWS\System32\kernel.appcore.dll
0x00007ff88b9e0000 - 0x00007ff88b9f0000 	C:\Program Files\Java\jre1.8.0_271\bin\verify.dll
0x00007ff88b9b0000 - 0x00007ff88b9db000 	C:\Program Files\Java\jre1.8.0_271\bin\java.dll
0x00007ff88b990000 - 0x00007ff88b9a8000 	C:\Program Files\Java\jre1.8.0_271\bin\zip.dll
0x00007ff8907a0000 - 0x00007ff890e88000 	C:\WINDOWS\System32\SHELL32.dll
0x00007ff890e90000 - 0x00007ff890f37000 	C:\WINDOWS\System32\shcore.dll
0x00007ff88f100000 - 0x00007ff88f87b000 	C:\WINDOWS\System32\windows.storage.dll
0x00007ff88f050000 - 0x00007ff88f073000 	C:\WINDOWS\System32\profapi.dll
0x00007ff88f000000 - 0x00007ff88f04a000 	C:\WINDOWS\System32\powrprof.dll
0x00007ff88efd0000 - 0x00007ff88efe0000 	C:\WINDOWS\System32\UMPDC.dll
0x00007ff890430000 - 0x00007ff890482000 	C:\WINDOWS\System32\shlwapi.dll
0x00007ff88fcd0000 - 0x00007ff88fce7000 	C:\WINDOWS\System32\cryptsp.dll
0x00007ff87b580000 - 0x00007ff87b58d000 	C:\Program Files\Java\jre1.8.0_271\bin\management.dll
0x00007ff88b970000 - 0x00007ff88b98c000 	C:\Program Files\Java\jre1.8.0_271\bin\net.dll
0x00007ff88e810000 - 0x00007ff88e877000 	C:\WINDOWS\system32\mswsock.dll
0x00007ff8584b0000 - 0x00007ff8584c6000 	C:\WINDOWS\system32\napinsp.dll
0x00007ff858490000 - 0x00007ff8584aa000 	C:\WINDOWS\system32\pnrpnsp.dll
0x00007ff85d520000 - 0x00007ff85d535000 	C:\WINDOWS\system32\wshbth.dll
0x00007ff88b920000 - 0x00007ff88b93c000 	C:\WINDOWS\system32\NLAapi.dll
0x00007ff88e520000 - 0x00007ff88e55a000 	C:\WINDOWS\SYSTEM32\IPHLPAPI.DLL
0x00007ff88e560000 - 0x00007ff88e62b000 	C:\WINDOWS\SYSTEM32\DNSAPI.dll
0x00007ff8920d0000 - 0x00007ff8920d8000 	C:\WINDOWS\System32\NSI.dll
0x00007ff85ab50000 - 0x00007ff85ab5e000 	C:\WINDOWS\System32\winrnr.dll
0x0000000066350000 - 0x0000000066376000 	C:\Program Files\Bonjour\mdnsNSP.dll
0x00007ff888630000 - 0x00007ff88863a000 	C:\Windows\System32\rasadhlp.dll
0x00007ff889350000 - 0x00007ff8893c7000 	C:\WINDOWS\System32\fwpuclnt.dll
0x00007ff88f0a0000 - 0x00007ff88f0c6000 	C:\WINDOWS\System32\bcrypt.dll
0x00007ff88e390000 - 0x00007ff88e3c3000 	C:\WINDOWS\system32\rsaenh.dll
0x00007ff88eef0000 - 0x00007ff88ef15000 	C:\WINDOWS\SYSTEM32\USERENV.dll
0x00007ff88e9e0000 - 0x00007ff88e9ec000 	C:\WINDOWS\SYSTEM32\CRYPTBASE.dll
0x00007ff8894d0000 - 0x00007ff8894e6000 	C:\WINDOWS\SYSTEM32\dhcpcsvc6.DLL
0x00007ff889550000 - 0x00007ff88956c000 	C:\WINDOWS\SYSTEM32\dhcpcsvc.DLL
0x00007ff87b350000 - 0x00007ff87b363000 	C:\Program Files\Java\jre1.8.0_271\bin\nio.dll
0x00007ff86bd60000 - 0x00007ff86bda2000 	C:\Users\Theo\AppData\Local\Temp\jna-2605630\jna5829694368735879121.dll
0x00007ff86b6b0000 - 0x00007ff86b6d4000 	C:\Program Files\Java\jre1.8.0_271\bin\sunec.dll
0x00007ff877060000 - 0x00007ff877078000 	C:\Program Files\Java\jre1.8.0_271\bin\unpack.dll
0x00007ff88b410000 - 0x00007ff88b41d000 	C:\Program Files\Java\jre1.8.0_271\bin\sunmscapi.dll
0x00007ff88ff40000 - 0x00007ff89008a000 	C:\WINDOWS\System32\CRYPT32.dll
0x00007ff88efe0000 - 0x00007ff88eff2000 	C:\WINDOWS\System32\MSASN1.dll
0x00007ff88eae0000 - 0x00007ff88eb06000 	C:\WINDOWS\SYSTEM32\ncrypt.dll
0x00007ff88eaa0000 - 0x00007ff88eadb000 	C:\WINDOWS\SYSTEM32\NTASN1.dll
0x00007ff85acc0000 - 0x00007ff85ae54000 	C:\Program Files\Java\jre1.8.0_271\bin\awt.dll
0x00007ff891bf0000 - 0x00007ff891cb5000 	C:\WINDOWS\System32\OLEAUT32.dll
0x00007ff88d140000 - 0x00007ff88d1cf000 	C:\WINDOWS\SYSTEM32\apphelp.dll
0x00007ff86b370000 - 0x00007ff86b3a2000 	C:\Program Files\Java\jre1.8.0_271\bin\jpeg.dll
0x00007ff8769e0000 - 0x00007ff876bd4000 	C:\WINDOWS\SYSTEM32\dbghelp.dll

VM Arguments:
jvm_args: -Xmx4G -Xms4G 
java_command: forge-1.12.2-14.23.5.2847-universal.jar nogui
java_class_path (initial): forge-1.12.2-14.23.5.2847-universal.jar
Launcher Type: SUN_STANDARD

Environment Variables:
PATH=C:\Program Files (x86)\Common Files\Oracle\Java\javapath;C:\Program Files (x86)\Common Files\Intel\Shared Libraries\redist\intel64\compiler;C:\Program Files\Oculus\Support\oculus-runtime;C:\WINDOWS\system32;C:\WINDOWS;C:\WINDOWS\System32\Wbem;C:\WINDOWS\System32\WindowsPowerShell\v1.0\;C:\WINDOWS\System32\OpenSSH\;C:\Program Files\NVIDIA Corporation\NVIDIA NvDLISR;C:\Program Files (x86)\NVIDIA Corporation\PhysX\Common;C:\Program Files\dotnet\;C:\Program Files (x86)\QuickTime\QTSystem\;C:\Program Files\Microsoft SQL Server\130\Tools\Binn\;C:\Program Files\Microsoft SQL Server\Client SDK\ODBC\170\Tools\Binn\;C:\Program Files\nodejs\;C:\Users\Theo\anaconda3;C:\Users\Theo\anaconda3\Library\mingw-w64\bin;C:\Users\Theo\anaconda3\Library\usr\bin;C:\Users\Theo\anaconda3\Library\bin;C:\Users\Theo\anaconda3\Scripts;C:\Users\Theo\AppData\Local\Microsoft\WindowsApps;C:\Users\Theo\AppData\Local\Programs\Microsoft VS Code\bin;C:\Users\Theo\.dotnet\tools;C:\Users\Theo\AppData\Roaming\npm;C:\Users\Theo\AppData\Local\GitHubDesktop\bin
USERNAME=Theo
OS=Windows_NT
PROCESSOR_IDENTIFIER=AMD64 Family 23 Model 113 Stepping 0, AuthenticAMD



---------------  S Y S T E M  ---------------

OS: Windows 10.0 , 64 bit Build 18362 (10.0.18362.1316)

CPU:total 16 (initial active 16) (16 cores per cpu, 1 threads per core) family 23 model 113 stepping 0, cmov, cx8, fxsr, mmx, sse, sse2, sse3, ssse3, sse4.1, sse4.2, popcnt, avx, avx2, aes, clmul, mmxext, 3dnowpref, lzcnt, sse4a, tsc, tscinvbit, tscinv, bmi1

Memory: 4k page, physical 16703944k(733928k free), swap 33114740k(3496k free)

vm_info: Java HotSpot(TM) 64-Bit Server VM (25.271-b09) for windows-amd64 JRE (1.8.0_271-b09), built on Sep 16 2020 19:14:59 by "" with MS VC++ 15.9 (VS2017)

time: Tue Feb  9 18:50:07 2021
timezone: W. Europe Standard Time
elapsed time: 303.998338 seconds (0d 0h 5m 3s)

